[debug] [2025-03-06T18:25:32.951Z] ----------------------------------------------------------------------
[debug] [2025-03-06T18:25:32.954Z] Command:       C:\Program Files\nodejs\node.exe C:\Users\abhin\AppData\Roaming\npm\node_modules\firebase-tools\lib\bin\firebase.js init
[debug] [2025-03-06T18:25:32.955Z] CLI Version:   13.32.0
[debug] [2025-03-06T18:25:32.955Z] Platform:      win32
[debug] [2025-03-06T18:25:32.955Z] Node Version:  v22.14.0
[debug] [2025-03-06T18:25:32.955Z] Time:          Thu Mar 06 2025 23:55:32 GMT+0530 (India Standard Time)
[debug] [2025-03-06T18:25:32.956Z] ----------------------------------------------------------------------
[debug] 
[debug] [2025-03-06T18:25:32.965Z] > command requires scopes: ["email","openid","https://www.googleapis.com/auth/cloudplatformprojects.readonly","https://www.googleapis.com/auth/firebase","https://www.googleapis.com/auth/cloud-platform"]
[debug] [2025-03-06T18:25:32.965Z] > authorizing via signed-in user (abhinavbirajdar28@gmail.com)
[info] 
     ######## #### ########  ######## ########     ###     ######  ########
     ##        ##  ##     ## ##       ##     ##  ##   ##  ##       ##
     ######    ##  ########  ######   ########  #########  ######  ######
     ##        ##  ##    ##  ##       ##     ## ##     ##       ## ##
     ##       #### ##     ## ######## ########  ##     ##  ######  ########

You're about to initialize a Firebase project in this directory:

  E:\programming\next js App\connect

[info] 
=== Project Setup
[info] 
[info] First, let's associate this project directory with a Firebase project.
[info] You can create multiple project aliases by running firebase use --add, 
[info] but for now we'll just set up a default project.
[info] 
[debug] [2025-03-06T18:26:16.701Z] Checked if tokens are valid: true, expires at: 1741289071204
[debug] [2025-03-06T18:26:16.701Z] Checked if tokens are valid: true, expires at: 1741289071204
[debug] [2025-03-06T18:26:16.702Z] >>> [apiv2][query] GET https://firebase.googleapis.com/v1beta1/projects pageSize=100
[debug] [2025-03-06T18:26:18.108Z] <<< [apiv2][status] GET https://firebase.googleapis.com/v1beta1/projects 200
[debug] [2025-03-06T18:26:18.109Z] <<< [apiv2][body] GET https://firebase.googleapis.com/v1beta1/projects [omitted]
[info] i  Using project designcollab-9b770 (designcollab) 
[info] 
=== Dataconnect Setup
[debug] [2025-03-06T18:26:22.675Z] Checked if tokens are valid: true, expires at: 1741289071204
[debug] [2025-03-06T18:26:22.676Z] Checked if tokens are valid: true, expires at: 1741289071204
[debug] [2025-03-06T18:26:22.676Z] >>> [apiv2][query] GET https://cloudbilling.googleapis.com/v1/projects/designcollab-9b770/billingInfo [none]
[debug] [2025-03-06T18:26:24.514Z] <<< [apiv2][status] GET https://cloudbilling.googleapis.com/v1/projects/designcollab-9b770/billingInfo 200
[debug] [2025-03-06T18:26:24.515Z] <<< [apiv2][body] GET https://cloudbilling.googleapis.com/v1/projects/designcollab-9b770/billingInfo {"name":"projects/designcollab-9b770/billingInfo","projectId":"designcollab-9b770","billingAccountName":"","billingEnabled":false}
[info] i  dataconnect: ensuring required API sqladmin.googleapis.com is enabled... 
[debug] [2025-03-06T18:26:24.516Z] Checked if tokens are valid: true, expires at: 1741289071204
[debug] [2025-03-06T18:26:24.516Z] Checked if tokens are valid: true, expires at: 1741289071204
[debug] [2025-03-06T18:26:24.516Z] >>> [apiv2][query] GET https://serviceusage.googleapis.com/v1/projects/designcollab-9b770/services/sqladmin.googleapis.com [none]
[debug] [2025-03-06T18:26:24.517Z] >>> [apiv2][(partial)header] GET https://serviceusage.googleapis.com/v1/projects/designcollab-9b770/services/sqladmin.googleapis.com x-goog-quota-user=projects/designcollab-9b770
[debug] [2025-03-06T18:26:26.901Z] <<< [apiv2][status] GET https://serviceusage.googleapis.com/v1/projects/designcollab-9b770/services/sqladmin.googleapis.com 200
[debug] [2025-03-06T18:26:26.901Z] <<< [apiv2][body] GET https://serviceusage.googleapis.com/v1/projects/designcollab-9b770/services/sqladmin.googleapis.com [omitted]
[warn] !  dataconnect: missing required API sqladmin.googleapis.com. Enabling now... 
[debug] [2025-03-06T18:26:26.903Z] Checked if tokens are valid: true, expires at: 1741289071204
[debug] [2025-03-06T18:26:26.903Z] Checked if tokens are valid: true, expires at: 1741289071204
[debug] [2025-03-06T18:26:26.903Z] >>> [apiv2][query] POST https://serviceusage.googleapis.com/v1/projects/designcollab-9b770/services/sqladmin.googleapis.com:enable [none]
[debug] [2025-03-06T18:26:26.903Z] >>> [apiv2][(partial)header] POST https://serviceusage.googleapis.com/v1/projects/designcollab-9b770/services/sqladmin.googleapis.com:enable x-goog-quota-user=projects/designcollab-9b770
[debug] [2025-03-06T18:26:29.112Z] <<< [apiv2][status] POST https://serviceusage.googleapis.com/v1/projects/designcollab-9b770/services/sqladmin.googleapis.com:enable 200
[debug] [2025-03-06T18:26:29.113Z] <<< [apiv2][body] POST https://serviceusage.googleapis.com/v1/projects/designcollab-9b770/services/sqladmin.googleapis.com:enable [omitted]
[debug] [2025-03-06T18:26:39.126Z] Checked if tokens are valid: true, expires at: 1741289071204
[debug] [2025-03-06T18:26:39.126Z] Checked if tokens are valid: true, expires at: 1741289071204
[debug] [2025-03-06T18:26:39.126Z] >>> [apiv2][query] GET https://serviceusage.googleapis.com/v1/projects/designcollab-9b770/services/sqladmin.googleapis.com [none]
[debug] [2025-03-06T18:26:39.126Z] >>> [apiv2][(partial)header] GET https://serviceusage.googleapis.com/v1/projects/designcollab-9b770/services/sqladmin.googleapis.com x-goog-quota-user=projects/designcollab-9b770
[debug] [2025-03-06T18:26:41.207Z] <<< [apiv2][status] GET https://serviceusage.googleapis.com/v1/projects/designcollab-9b770/services/sqladmin.googleapis.com 200
[debug] [2025-03-06T18:26:41.207Z] <<< [apiv2][body] GET https://serviceusage.googleapis.com/v1/projects/designcollab-9b770/services/sqladmin.googleapis.com [omitted]
[info] +  dataconnect: required API sqladmin.googleapis.com is enabled 
[info] +  Wrote dataconnect\dataconnect.yaml 
[info] +  Wrote dataconnect\schema\schema.gql 
[info] +  Wrote dataconnect\connector\connector.yaml 
[info] +  Wrote dataconnect\connector\queries.gql 
[info] +  Wrote dataconnect\connector\mutations.gql 
[info] +  Detected WEB app in directory E:\programming\next js App\connect 
